2021-12-03 19:07:50 - INFO - "GET / HTTP/1.1" 200 1219
2021-12-03 19:07:50 - INFO - "GET /static/style.css HTTP/1.1" 200 648
2021-12-03 20:06:21 - INFO - "GET /blogs HTTP/1.1" 200 815
2021-12-03 20:06:21 - INFO - "GET /blogs/1 HTTP/1.1" 200 156
2021-12-03 20:06:21 - INFO - "GET /blogs HTTP/1.1" 200 815
2021-12-03 20:16:10 - WARNING - "DELETE /blog/4 HTTP/1.1" 404 1536
2021-12-03 20:16:10 - INFO - "DELETE /blogs/4 HTTP/1.1" 200 2
2021-12-03 20:16:10 - INFO - "GET /blogs HTTP/1.1" 200 815
2021-12-03 20:18:28 - INFO - "DELETE /blogs/4 HTTP/1.1" 200 2
2021-12-03 20:18:28 - INFO - "GET /blogs HTTP/1.1" 200 815
2021-12-03 20:18:28 - INFO - "GET /blogs/4 HTTP/1.1" 200 161
2021-12-03 20:18:28 - INFO - "GET /blogs/4 HTTP/1.1" 200 161
2021-12-03 20:18:28 - INFO - "DELETE /blogs/4 HTTP/1.1" 200 2
2021-12-03 20:18:28 - INFO - "GET /blogs/4 HTTP/1.1" 200 161
2021-12-03 20:20:18 - INFO - "GET /blogs/4 HTTP/1.1" 200 161
2021-12-03 20:20:18 - INFO - "GET /blogs/4 HTTP/1.1" 200 161
2021-12-03 20:20:18 - INFO - "DELETE /blogs/4 HTTP/1.1" 200 2
2021-12-03 20:20:18 - INFO - "GET /blogs HTTP/1.1" 200 815
2021-12-03 20:22:10 - INFO - "DELETE /blogs/4 HTTP/1.1" 200 163
2021-12-03 20:22:10 - INFO - "GET /blogs HTTP/1.1" 200 652
2021-12-03 20:22:10 - INFO - "GET /blogs HTTP/1.1" 200 652
2021-12-03 20:22:10 - INFO - "DELETE /blogs/5 HTTP/1.1" 200 173
2021-12-03 20:22:57 - INFO - "DELETE /blogs/5 HTTP/1.1" 200 2
2021-12-03 20:22:57 - INFO - "GET /blogs HTTP/1.1" 200 479
